<?xml version="1.0" encoding="UTF-8"?>
<testng-results skipped="0" failed="0" total="1" passed="1">
  <reporter-output>
  </reporter-output>
  <suite name="Default suite" duration-ms="135488" started-at="2018-10-10T00:27:42Z" finished-at="2018-10-10T00:29:57Z">
    <groups>
      <group name="cucumber">
        <method signature="AbstractTestNGCucumberTests.feature(cucumber.api.testng.CucumberFeatureWrapper)[pri:0, instance:Runner.Runner@20322d26]" name="feature" class="cucumber.api.testng.AbstractTestNGCucumberTests"/>
      </group> <!-- cucumber -->
    </groups>
    <test name="Default test" duration-ms="135488" started-at="2018-10-10T00:27:42Z" finished-at="2018-10-10T00:29:57Z">
      <class name="Runner.Runner">
        <test-method status="PASS" signature="setUpClass()[pri:0, instance:Runner.Runner@20322d26]" name="setUpClass" is-config="true" duration-ms="245" started-at="2018-10-09T20:27:42Z" finished-at="2018-10-09T20:27:42Z">
          <reporter-output>
          </reporter-output>
        </test-method> <!-- setUpClass -->
        <test-method status="PASS" signature="feature(cucumber.api.testng.CucumberFeatureWrapper)[pri:0, instance:Runner.Runner@20322d26]" name="feature" duration-ms="135035" started-at="2018-10-09T20:27:42Z" description="Runs Cucumber Feature" data-provider="features" finished-at="2018-10-09T20:29:57Z">
          <params>
            <param index="0">
              <value>
                <![CDATA[United and Spirit Airlines ticket booking functionality]]>
              </value>
            </param>
          </params>
          <reporter-output>
          </reporter-output>
        </test-method> <!-- feature -->
        <test-method status="PASS" signature="tearDownClass()[pri:0, instance:Runner.Runner@20322d26]" name="tearDownClass" is-config="true" duration-ms="94" started-at="2018-10-09T20:29:57Z" finished-at="2018-10-09T20:29:57Z">
          <reporter-output>
          </reporter-output>
        </test-method> <!-- tearDownClass -->
      </class> <!-- Runner.Runner -->
    </test> <!-- Default test -->
  </suite> <!-- Default suite -->
</testng-results>
